[0m11:46:57.394089 [debug] [MainThread]: Sending event: {'category': 'dbt', 'action': 'invocation', 'label': 'start', 'context': [<snowplow_tracker.self_describing_json.SelfDescribingJson object at 0x0000028B59CC27B0>, <snowplow_tracker.self_describing_json.SelfDescribingJson object at 0x0000028B56DE8A50>, <snowplow_tracker.self_describing_json.SelfDescribingJson object at 0x0000028B5B53E710>]}


============================== 11:46:57.401007 | 44e8b248-d4e2-473c-aed2-bea175de4c5e ==============================
[0m11:46:57.401007 [info ] [MainThread]: Running with dbt=1.9.2
[0m11:46:57.401974 [debug] [MainThread]: running dbt with arguments {'printer_width': '80', 'indirect_selection': 'eager', 'log_cache_events': 'False', 'write_json': 'True', 'partial_parse': 'True', 'cache_selected_only': 'False', 'profiles_dir': 'C:\\Users\\mbmbm\\.dbt', 'fail_fast': 'False', 'warn_error': 'None', 'log_path': 'c:\\Users\\mbmbm\\matbx-data\\sports-db-project\\sports_db\\logs', 'version_check': 'True', 'debug': 'False', 'use_colors': 'True', 'use_experimental_parser': 'False', 'empty': 'None', 'quiet': 'False', 'no_print': 'None', 'log_format': 'default', 'static_parser': 'True', 'warn_error_options': 'WarnErrorOptions(include=[], exclude=[])', 'invocation_command': 'dbt ', 'target_path': 'None', 'introspect': 'True', 'send_anonymous_usage_stats': 'True'}
[0m11:46:57.613696 [debug] [MainThread]: Sending event: {'category': 'dbt', 'action': 'project_id', 'label': '44e8b248-d4e2-473c-aed2-bea175de4c5e', 'context': [<snowplow_tracker.self_describing_json.SelfDescribingJson object at 0x0000028B59F096E0>]}
[0m11:46:57.636752 [info ] [MainThread]: Warning: No packages were found in packages.yml
[0m11:46:57.638578 [info ] [MainThread]: Warning: No packages were found in packages.yml
[0m11:46:57.639953 [debug] [MainThread]: Command `cli deps` succeeded at 11:46:57.639792 after 0.44 seconds
[0m11:46:57.640395 [debug] [MainThread]: Sending event: {'category': 'dbt', 'action': 'invocation', 'label': 'end', 'context': [<snowplow_tracker.self_describing_json.SelfDescribingJson object at 0x0000028B5B8FEE00>, <snowplow_tracker.self_describing_json.SelfDescribingJson object at 0x0000028B5BACBCE0>, <snowplow_tracker.self_describing_json.SelfDescribingJson object at 0x0000028B5B89E350>]}
[0m11:46:57.640810 [debug] [MainThread]: Flushing usage events
[0m11:46:58.026314 [debug] [MainThread]: An error was encountered while trying to flush usage events
[0m11:30:36.279677 [debug] [MainThread]: Sending event: {'category': 'dbt', 'action': 'invocation', 'label': 'start', 'context': [<snowplow_tracker.self_describing_json.SelfDescribingJson object at 0x0000021C712F27B0>, <snowplow_tracker.self_describing_json.SelfDescribingJson object at 0x0000021C704BCA50>, <snowplow_tracker.self_describing_json.SelfDescribingJson object at 0x0000021C71B6E710>]}


============================== 11:30:36.285630 | 78e5e1bd-f2fc-416d-80f6-5a51576a04e7 ==============================
[0m11:30:36.285630 [info ] [MainThread]: Running with dbt=1.9.2
[0m11:30:36.286710 [debug] [MainThread]: running dbt with arguments {'printer_width': '80', 'indirect_selection': 'eager', 'log_cache_events': 'False', 'write_json': 'True', 'partial_parse': 'True', 'cache_selected_only': 'False', 'profiles_dir': 'C:\\Users\\mbmbm\\.dbt', 'debug': 'False', 'version_check': 'True', 'log_path': 'c:\\Users\\mbmbm\\matbx-data\\sports-db-project\\sports_db\\logs', 'warn_error': 'None', 'fail_fast': 'False', 'use_colors': 'True', 'use_experimental_parser': 'False', 'no_print': 'None', 'quiet': 'False', 'empty': 'None', 'log_format': 'default', 'invocation_command': 'dbt ', 'introspect': 'True', 'warn_error_options': 'WarnErrorOptions(include=[], exclude=[])', 'target_path': 'None', 'static_parser': 'True', 'send_anonymous_usage_stats': 'True'}
[0m11:30:36.553569 [debug] [MainThread]: Sending event: {'category': 'dbt', 'action': 'project_id', 'label': '78e5e1bd-f2fc-416d-80f6-5a51576a04e7', 'context': [<snowplow_tracker.self_describing_json.SelfDescribingJson object at 0x0000021C715396E0>]}
[0m11:30:36.692871 [info ] [MainThread]: Warning: No packages were found in packages.yml
[0m11:30:36.695263 [info ] [MainThread]: Warning: No packages were found in packages.yml
[0m11:30:36.697057 [debug] [MainThread]: Command `cli deps` succeeded at 11:30:36.696797 after 0.63 seconds
[0m11:30:36.697780 [debug] [MainThread]: Sending event: {'category': 'dbt', 'action': 'invocation', 'label': 'end', 'context': [<snowplow_tracker.self_describing_json.SelfDescribingJson object at 0x0000021C71F2EE00>, <snowplow_tracker.self_describing_json.SelfDescribingJson object at 0x0000021C731CBCE0>, <snowplow_tracker.self_describing_json.SelfDescribingJson object at 0x0000021C71ECE350>]}
[0m11:30:36.698414 [debug] [MainThread]: Flushing usage events
[0m11:30:37.120661 [debug] [MainThread]: An error was encountered while trying to flush usage events
[0m15:56:08.384777 [debug] [MainThread]: Sending event: {'category': 'dbt', 'action': 'invocation', 'label': 'start', 'context': [<snowplow_tracker.self_describing_json.SelfDescribingJson object at 0x000001E1B4DC27B0>, <snowplow_tracker.self_describing_json.SelfDescribingJson object at 0x000001E1B1EC8A50>, <snowplow_tracker.self_describing_json.SelfDescribingJson object at 0x000001E1B663E710>]}


============================== 15:56:08.390180 | 765ad22e-0af5-4d8f-a648-10c69076ba20 ==============================
[0m15:56:08.390180 [info ] [MainThread]: Running with dbt=1.9.2
[0m15:56:08.390901 [debug] [MainThread]: running dbt with arguments {'printer_width': '80', 'indirect_selection': 'eager', 'log_cache_events': 'False', 'write_json': 'True', 'partial_parse': 'True', 'cache_selected_only': 'False', 'warn_error': 'None', 'version_check': 'True', 'fail_fast': 'False', 'log_path': 'c:\\Users\\mbmbm\\matbx-data\\sports-db-project\\sports_db\\logs', 'profiles_dir': 'C:\\Users\\mbmbm\\.dbt', 'debug': 'False', 'use_colors': 'True', 'use_experimental_parser': 'False', 'no_print': 'None', 'quiet': 'False', 'empty': 'None', 'warn_error_options': 'WarnErrorOptions(include=[], exclude=[])', 'introspect': 'True', 'invocation_command': 'dbt ', 'static_parser': 'True', 'target_path': 'None', 'log_format': 'default', 'send_anonymous_usage_stats': 'True'}
[0m15:56:08.636832 [debug] [MainThread]: Sending event: {'category': 'dbt', 'action': 'project_id', 'label': '765ad22e-0af5-4d8f-a648-10c69076ba20', 'context': [<snowplow_tracker.self_describing_json.SelfDescribingJson object at 0x000001E1B60096E0>]}
[0m15:56:08.670762 [info ] [MainThread]: Warning: No packages were found in packages.yml
[0m15:56:08.674059 [info ] [MainThread]: Warning: No packages were found in packages.yml
[0m15:56:08.676197 [debug] [MainThread]: Command `cli deps` succeeded at 15:56:08.675991 after 0.48 seconds
[0m15:56:08.676903 [debug] [MainThread]: Sending event: {'category': 'dbt', 'action': 'invocation', 'label': 'end', 'context': [<snowplow_tracker.self_describing_json.SelfDescribingJson object at 0x000001E1B69FEE00>, <snowplow_tracker.self_describing_json.SelfDescribingJson object at 0x000001E1B6BCBCE0>, <snowplow_tracker.self_describing_json.SelfDescribingJson object at 0x000001E1B699E350>]}
[0m15:56:08.677615 [debug] [MainThread]: Flushing usage events
[0m15:56:09.143891 [debug] [MainThread]: An error was encountered while trying to flush usage events
[0m08:00:05.002980 [debug] [MainThread]: Sending event: {'category': 'dbt', 'action': 'invocation', 'label': 'start', 'context': [<snowplow_tracker.self_describing_json.SelfDescribingJson object at 0x0000024266AC27B0>, <snowplow_tracker.self_describing_json.SelfDescribingJson object at 0x0000024263C48A50>, <snowplow_tracker.self_describing_json.SelfDescribingJson object at 0x000002426833E710>]}


============================== 08:00:05.008415 | 0f293f61-2404-4901-8b2a-ec029e7e4e2d ==============================
[0m08:00:05.008415 [info ] [MainThread]: Running with dbt=1.9.2
[0m08:00:05.009217 [debug] [MainThread]: running dbt with arguments {'printer_width': '80', 'indirect_selection': 'eager', 'log_cache_events': 'False', 'write_json': 'True', 'partial_parse': 'True', 'cache_selected_only': 'False', 'warn_error': 'None', 'fail_fast': 'False', 'version_check': 'True', 'log_path': 'c:\\Users\\mbmbm\\matbx-data\\sports-db-project\\sports_db\\logs', 'profiles_dir': 'C:\\Users\\mbmbm\\.dbt', 'debug': 'False', 'use_colors': 'True', 'use_experimental_parser': 'False', 'no_print': 'None', 'quiet': 'False', 'empty': 'None', 'warn_error_options': 'WarnErrorOptions(include=[], exclude=[])', 'static_parser': 'True', 'introspect': 'True', 'log_format': 'default', 'target_path': 'None', 'invocation_command': 'dbt ', 'send_anonymous_usage_stats': 'True'}
[0m08:00:05.231592 [debug] [MainThread]: Sending event: {'category': 'dbt', 'action': 'project_id', 'label': '0f293f61-2404-4901-8b2a-ec029e7e4e2d', 'context': [<snowplow_tracker.self_describing_json.SelfDescribingJson object at 0x0000024266D096E0>]}
[0m08:00:05.340761 [info ] [MainThread]: Warning: No packages were found in packages.yml
[0m08:00:05.343265 [info ] [MainThread]: Warning: No packages were found in packages.yml
[0m08:00:05.344754 [debug] [MainThread]: Command `cli deps` succeeded at 08:00:05.344573 after 0.51 seconds
[0m08:00:05.345200 [debug] [MainThread]: Sending event: {'category': 'dbt', 'action': 'invocation', 'label': 'end', 'context': [<snowplow_tracker.self_describing_json.SelfDescribingJson object at 0x00000242686FEE00>, <snowplow_tracker.self_describing_json.SelfDescribingJson object at 0x00000242688CBCE0>, <snowplow_tracker.self_describing_json.SelfDescribingJson object at 0x000002426869E350>]}
[0m08:00:05.345606 [debug] [MainThread]: Flushing usage events
[0m08:00:05.766211 [debug] [MainThread]: An error was encountered while trying to flush usage events
[0m14:20:15.023489 [debug] [MainThread]: Sending event: {'category': 'dbt', 'action': 'invocation', 'label': 'start', 'context': [<snowplow_tracker.self_describing_json.SelfDescribingJson object at 0x00000186610C27B0>, <snowplow_tracker.self_describing_json.SelfDescribingJson object at 0x00000186602B4A50>, <snowplow_tracker.self_describing_json.SelfDescribingJson object at 0x000001866193E710>]}


============================== 14:20:15.026682 | 650b2828-1c6b-4c3a-8cb3-4985151986ad ==============================
[0m14:20:15.026682 [info ] [MainThread]: Running with dbt=1.9.2
[0m14:20:15.027111 [debug] [MainThread]: running dbt with arguments {'printer_width': '80', 'indirect_selection': 'eager', 'log_cache_events': 'False', 'write_json': 'True', 'partial_parse': 'True', 'cache_selected_only': 'False', 'profiles_dir': 'C:\\Users\\mbmbm\\.dbt', 'version_check': 'True', 'fail_fast': 'False', 'log_path': 'c:\\Users\\mbmbm\\matbx-data\\sports-db-project\\sports_db\\logs', 'warn_error': 'None', 'debug': 'False', 'use_colors': 'True', 'use_experimental_parser': 'False', 'no_print': 'None', 'quiet': 'False', 'empty': 'None', 'warn_error_options': 'WarnErrorOptions(include=[], exclude=[])', 'static_parser': 'True', 'invocation_command': 'dbt ', 'introspect': 'True', 'target_path': 'None', 'log_format': 'default', 'send_anonymous_usage_stats': 'True'}
[0m14:20:15.131023 [debug] [MainThread]: Sending event: {'category': 'dbt', 'action': 'project_id', 'label': '650b2828-1c6b-4c3a-8cb3-4985151986ad', 'context': [<snowplow_tracker.self_describing_json.SelfDescribingJson object at 0x00000186613096E0>]}
[0m14:20:15.221726 [info ] [MainThread]: Warning: No packages were found in packages.yml
[0m14:20:15.222949 [info ] [MainThread]: Warning: No packages were found in packages.yml
[0m14:20:15.223758 [debug] [MainThread]: Command `cli deps` succeeded at 14:20:15.223631 after 0.32 seconds
[0m14:20:15.224020 [debug] [MainThread]: Sending event: {'category': 'dbt', 'action': 'invocation', 'label': 'end', 'context': [<snowplow_tracker.self_describing_json.SelfDescribingJson object at 0x0000018661CFEE00>, <snowplow_tracker.self_describing_json.SelfDescribingJson object at 0x0000018661ECBCE0>, <snowplow_tracker.self_describing_json.SelfDescribingJson object at 0x0000018661C9E350>]}
[0m14:20:15.224265 [debug] [MainThread]: Flushing usage events
[0m14:20:15.658981 [debug] [MainThread]: An error was encountered while trying to flush usage events
